<?xml version="1.0" encoding="UTF-8"?>
<testsuite xmlns:xsi="http://www.w3.org/2001/XMLSchema-instance" xsi:noNamespaceSchemaLocation="https://maven.apache.org/surefire/maven-surefire-plugin/xsd/surefire-test-report.xsd" name="Test" time="0.004" tests="0" errors="0" skipped="0" failures="0">
  <properties>
    <property name="sun.desktop" value="windows"/>
    <property name="awt.toolkit" value="sun.awt.windows.WToolkit"/>
    <property name="file.encoding.pkg" value="sun.io"/>
    <property name="java.specification.version" value="1.8"/>
    <property name="sun.cpu.isalist" value="amd64"/>
    <property name="sun.jnu.encoding" value="GBK"/>
    <property name="java.class.path" value="D:\jermaine\IdeaProjects\SpringCloud-Seed\Global-Utils\tk-mybatis\target\test-classes;D:\jermaine\IdeaProjects\SpringCloud-Seed\Global-Utils\tk-mybatis\target\classes;D:\jermaine\IdeaProjects\SpringCloud-Seed\Global-Utils\common\target\common-1.0-SNAPSHOT.jar;D:\repo\mysql\mysql-connector-java\8.0.19\mysql-connector-java-8.0.19.jar;D:\repo\com\alibaba\druid-spring-boot-starter\1.1.22\druid-spring-boot-starter-1.1.22.jar;D:\repo\com\alibaba\druid\1.1.22\druid-1.1.22.jar;D:\repo\org\slf4j\slf4j-api\1.7.30\slf4j-api-1.7.30.jar;D:\repo\org\springframework\boot\spring-boot-autoconfigure\2.2.4.RELEASE\spring-boot-autoconfigure-2.2.4.RELEASE.jar;D:\repo\org\projectlombok\lombok\1.18.10\lombok-1.18.10.jar;D:\repo\org\apache\commons\commons-lang3\3.9\commons-lang3-3.9.jar;D:\repo\org\springframework\boot\spring-boot-starter-web\2.2.4.RELEASE\spring-boot-starter-web-2.2.4.RELEASE.jar;D:\repo\org\springframework\boot\spring-boot-starter-json\2.2.4.RELEASE\spring-boot-starter-json-2.2.4.RELEASE.jar;D:\repo\com\fasterxml\jackson\core\jackson-databind\2.10.2\jackson-databind-2.10.2.jar;D:\repo\com\fasterxml\jackson\core\jackson-annotations\2.10.2\jackson-annotations-2.10.2.jar;D:\repo\com\fasterxml\jackson\core\jackson-core\2.10.2\jackson-core-2.10.2.jar;D:\repo\com\fasterxml\jackson\datatype\jackson-datatype-jdk8\2.10.2\jackson-datatype-jdk8-2.10.2.jar;D:\repo\com\fasterxml\jackson\datatype\jackson-datatype-jsr310\2.10.2\jackson-datatype-jsr310-2.10.2.jar;D:\repo\com\fasterxml\jackson\module\jackson-module-parameter-names\2.10.2\jackson-module-parameter-names-2.10.2.jar;D:\repo\org\springframework\boot\spring-boot-starter-tomcat\2.2.4.RELEASE\spring-boot-starter-tomcat-2.2.4.RELEASE.jar;D:\repo\org\apache\tomcat\embed\tomcat-embed-core\9.0.30\tomcat-embed-core-9.0.30.jar;D:\repo\org\apache\tomcat\embed\tomcat-embed-el\9.0.30\tomcat-embed-el-9.0.30.jar;D:\repo\org\apache\tomcat\embed\tomcat-embed-websocket\9.0.30\tomcat-embed-websocket-9.0.30.jar;D:\repo\org\springframework\boot\spring-boot-starter-validation\2.2.4.RELEASE\spring-boot-starter-validation-2.2.4.RELEASE.jar;D:\repo\jakarta\validation\jakarta.validation-api\2.0.2\jakarta.validation-api-2.0.2.jar;D:\repo\org\hibernate\validator\hibernate-validator\6.0.18.Final\hibernate-validator-6.0.18.Final.jar;D:\repo\org\jboss\logging\jboss-logging\3.4.1.Final\jboss-logging-3.4.1.Final.jar;D:\repo\com\fasterxml\classmate\1.5.1\classmate-1.5.1.jar;D:\repo\org\springframework\spring-web\5.2.3.RELEASE\spring-web-5.2.3.RELEASE.jar;D:\repo\org\springframework\spring-beans\5.2.3.RELEASE\spring-beans-5.2.3.RELEASE.jar;D:\repo\org\springframework\spring-webmvc\5.2.3.RELEASE\spring-webmvc-5.2.3.RELEASE.jar;D:\repo\org\springframework\spring-context\5.2.3.RELEASE\spring-context-5.2.3.RELEASE.jar;D:\repo\org\springframework\spring-expression\5.2.3.RELEASE\spring-expression-5.2.3.RELEASE.jar;D:\repo\com\alibaba\fastjson\1.2.58\fastjson-1.2.58.jar;D:\repo\com\github\xiaoymin\knife4j-micro-spring-boot-starter\2.0.7\knife4j-micro-spring-boot-starter-2.0.7.jar;D:\repo\com\github\xiaoymin\knife4j-spring-boot-autoconfigure\2.0.7\knife4j-spring-boot-autoconfigure-2.0.7.jar;D:\repo\com\github\xiaoymin\knife4j-spring\2.0.7\knife4j-spring-2.0.7.jar;D:\repo\com\github\xiaoymin\knife4j-annotations\2.0.7\knife4j-annotations-2.0.7.jar;D:\repo\com\github\xiaoymin\knife4j-core\2.0.7\knife4j-core-2.0.7.jar;D:\repo\org\javassist\javassist\3.25.0-GA\javassist-3.25.0-GA.jar;D:\repo\io\swagger\swagger-models\1.5.22\swagger-models-1.5.22.jar;D:\repo\io\swagger\swagger-annotations\1.5.22\swagger-annotations-1.5.22.jar;D:\repo\io\springfox\springfox-swagger2\2.10.5\springfox-swagger2-2.10.5.jar;D:\repo\io\springfox\springfox-spi\2.10.5\springfox-spi-2.10.5.jar;D:\repo\io\springfox\springfox-core\2.10.5\springfox-core-2.10.5.jar;D:\repo\net\bytebuddy\byte-buddy\1.10.6\byte-buddy-1.10.6.jar;D:\repo\io\springfox\springfox-schema\2.10.5\springfox-schema-2.10.5.jar;D:\repo\io\springfox\springfox-swagger-common\2.10.5\springfox-swagger-common-2.10.5.jar;D:\repo\io\springfox\springfox-spring-web\2.10.5\springfox-spring-web-2.10.5.jar;D:\repo\io\github\classgraph\classgraph\4.1.7\classgraph-4.1.7.jar;D:\repo\org\springframework\plugin\spring-plugin-core\2.0.0.RELEASE\spring-plugin-core-2.0.0.RELEASE.jar;D:\repo\org\springframework\plugin\spring-plugin-metadata\2.0.0.RELEASE\spring-plugin-metadata-2.0.0.RELEASE.jar;D:\repo\org\mapstruct\mapstruct\1.3.1.Final\mapstruct-1.3.1.Final.jar;D:\repo\io\springfox\springfox-bean-validators\2.10.5\springfox-bean-validators-2.10.5.jar;D:\repo\io\springfox\springfox-spring-webmvc\2.10.5\springfox-spring-webmvc-2.10.5.jar;D:\repo\com\github\xiaoymin\knife4j-spring-boot-starter\2.0.7\knife4j-spring-boot-starter-2.0.7.jar;D:\repo\com\github\xiaoymin\knife4j-spring-ui\2.0.7\knife4j-spring-ui-2.0.7.jar;D:\repo\cn\hutool\hutool-all\5.3.10\hutool-all-5.3.10.jar;D:\repo\org\springframework\boot\spring-boot-starter-aop\2.2.4.RELEASE\spring-boot-starter-aop-2.2.4.RELEASE.jar;D:\repo\org\springframework\spring-aop\5.2.3.RELEASE\spring-aop-5.2.3.RELEASE.jar;D:\repo\org\aspectj\aspectjweaver\1.9.5\aspectjweaver-1.9.5.jar;D:\repo\com\baomidou\mybatis-plus-generator\3.2.0\mybatis-plus-generator-3.2.0.jar;D:\repo\com\baomidou\mybatis-plus-extension\3.2.0\mybatis-plus-extension-3.2.0.jar;D:\repo\com\baomidou\mybatis-plus-core\3.2.0\mybatis-plus-core-3.2.0.jar;D:\repo\com\baomidou\mybatis-plus-annotation\3.2.0\mybatis-plus-annotation-3.2.0.jar;D:\repo\com\google\guava\guava\30.1.1-jre\guava-30.1.1-jre.jar;D:\repo\com\google\guava\failureaccess\1.0.1\failureaccess-1.0.1.jar;D:\repo\com\google\guava\listenablefuture\9999.0-empty-to-avoid-conflict-with-guava\listenablefuture-9999.0-empty-to-avoid-conflict-with-guava.jar;D:\repo\com\google\code\findbugs\jsr305\3.0.2\jsr305-3.0.2.jar;D:\repo\org\checkerframework\checker-qual\3.8.0\checker-qual-3.8.0.jar;D:\repo\com\google\errorprone\error_prone_annotations\2.5.1\error_prone_annotations-2.5.1.jar;D:\repo\com\google\j2objc\j2objc-annotations\1.3\j2objc-annotations-1.3.jar;D:\repo\tk\mybatis\mapper-spring-boot-starter\2.1.2\mapper-spring-boot-starter-2.1.2.jar;D:\repo\org\springframework\boot\spring-boot-starter\2.2.4.RELEASE\spring-boot-starter-2.2.4.RELEASE.jar;D:\repo\org\springframework\boot\spring-boot\2.2.4.RELEASE\spring-boot-2.2.4.RELEASE.jar;D:\repo\org\springframework\boot\spring-boot-starter-logging\2.2.4.RELEASE\spring-boot-starter-logging-2.2.4.RELEASE.jar;D:\repo\ch\qos\logback\logback-classic\1.2.3\logback-classic-1.2.3.jar;D:\repo\ch\qos\logback\logback-core\1.2.3\logback-core-1.2.3.jar;D:\repo\org\apache\logging\log4j\log4j-to-slf4j\2.12.1\log4j-to-slf4j-2.12.1.jar;D:\repo\org\apache\logging\log4j\log4j-api\2.12.1\log4j-api-2.12.1.jar;D:\repo\org\slf4j\jul-to-slf4j\1.7.30\jul-to-slf4j-1.7.30.jar;D:\repo\jakarta\annotation\jakarta.annotation-api\1.3.5\jakarta.annotation-api-1.3.5.jar;D:\repo\org\springframework\spring-core\5.2.3.RELEASE\spring-core-5.2.3.RELEASE.jar;D:\repo\org\springframework\spring-jcl\5.2.3.RELEASE\spring-jcl-5.2.3.RELEASE.jar;D:\repo\org\yaml\snakeyaml\1.25\snakeyaml-1.25.jar;D:\repo\org\springframework\boot\spring-boot-starter-jdbc\2.2.4.RELEASE\spring-boot-starter-jdbc-2.2.4.RELEASE.jar;D:\repo\com\zaxxer\HikariCP\3.4.2\HikariCP-3.4.2.jar;D:\repo\org\springframework\spring-jdbc\5.2.3.RELEASE\spring-jdbc-5.2.3.RELEASE.jar;D:\repo\org\springframework\spring-tx\5.2.3.RELEASE\spring-tx-5.2.3.RELEASE.jar;D:\repo\org\mybatis\mybatis\3.4.6\mybatis-3.4.6.jar;D:\repo\org\mybatis\mybatis-spring\1.3.2\mybatis-spring-1.3.2.jar;D:\repo\tk\mybatis\mapper-core\1.1.2\mapper-core-1.1.2.jar;D:\repo\javax\persistence\persistence-api\1.0\persistence-api-1.0.jar;D:\repo\tk\mybatis\mapper-base\1.1.2\mapper-base-1.1.2.jar;D:\repo\tk\mybatis\mapper-weekend\1.1.4.4\mapper-weekend-1.1.4.4.jar;D:\repo\tk\mybatis\mapper-spring\1.1.2\mapper-spring-1.1.2.jar;D:\repo\tk\mybatis\mapper-extra\1.1.2\mapper-extra-1.1.2.jar;D:\repo\tk\mybatis\mapper-spring-boot-autoconfigure\2.1.2\mapper-spring-boot-autoconfigure-2.1.2.jar;D:\repo\org\mybatis\generator\mybatis-generator-core\1.3.7\mybatis-generator-core-1.3.7.jar;D:\repo\com\github\pagehelper\pagehelper-spring-boot-starter\1.3.0\pagehelper-spring-boot-starter-1.3.0.jar;D:\repo\org\mybatis\spring\boot\mybatis-spring-boot-starter\2.1.3\mybatis-spring-boot-starter-2.1.3.jar;D:\repo\org\mybatis\spring\boot\mybatis-spring-boot-autoconfigure\2.1.3\mybatis-spring-boot-autoconfigure-2.1.3.jar;D:\repo\com\github\pagehelper\pagehelper-spring-boot-autoconfigure\1.3.0\pagehelper-spring-boot-autoconfigure-1.3.0.jar;D:\repo\com\github\pagehelper\pagehelper\5.2.0\pagehelper-5.2.0.jar;D:\repo\com\github\jsqlparser\jsqlparser\3.2\jsqlparser-3.2.jar;D:\repo\org\assertj\assertj-core\3.13.2\assertj-core-3.13.2.jar;"/>
    <property name="java.vm.vendor" value="Oracle Corporation"/>
    <property name="sun.arch.data.model" value="64"/>
    <property name="user.variant" value=""/>
    <property name="java.vendor.url" value="http://java.oracle.com/"/>
    <property name="user.timezone" value="Asia/Shanghai"/>
    <property name="java.vm.specification.version" value="1.8"/>
    <property name="os.name" value="Windows 10"/>
    <property name="user.country" value="CN"/>
    <property name="sun.java.launcher" value="SUN_STANDARD"/>
    <property name="sun.boot.library.path" value="D:\Program Files\Java\jdk1.8.0_191\jre\bin"/>
    <property name="sun.java.command" value="C:\Users\DELL\AppData\Local\Temp\surefire8421036327516319941\surefirebooter1701892468643471073.jar C:\Users\DELL\AppData\Local\Temp\surefire8421036327516319941 2021-10-12T13-48-37_391-jvmRun1 surefire5840212811104726563tmp surefire_06591938435485654279tmp"/>
    <property name="surefire.test.class.path" value="D:\jermaine\IdeaProjects\SpringCloud-Seed\Global-Utils\tk-mybatis\target\test-classes;D:\jermaine\IdeaProjects\SpringCloud-Seed\Global-Utils\tk-mybatis\target\classes;D:\jermaine\IdeaProjects\SpringCloud-Seed\Global-Utils\common\target\common-1.0-SNAPSHOT.jar;D:\repo\mysql\mysql-connector-java\8.0.19\mysql-connector-java-8.0.19.jar;D:\repo\com\alibaba\druid-spring-boot-starter\1.1.22\druid-spring-boot-starter-1.1.22.jar;D:\repo\com\alibaba\druid\1.1.22\druid-1.1.22.jar;D:\repo\org\slf4j\slf4j-api\1.7.30\slf4j-api-1.7.30.jar;D:\repo\org\springframework\boot\spring-boot-autoconfigure\2.2.4.RELEASE\spring-boot-autoconfigure-2.2.4.RELEASE.jar;D:\repo\org\projectlombok\lombok\1.18.10\lombok-1.18.10.jar;D:\repo\org\apache\commons\commons-lang3\3.9\commons-lang3-3.9.jar;D:\repo\org\springframework\boot\spring-boot-starter-web\2.2.4.RELEASE\spring-boot-starter-web-2.2.4.RELEASE.jar;D:\repo\org\springframework\boot\spring-boot-starter-json\2.2.4.RELEASE\spring-boot-starter-json-2.2.4.RELEASE.jar;D:\repo\com\fasterxml\jackson\core\jackson-databind\2.10.2\jackson-databind-2.10.2.jar;D:\repo\com\fasterxml\jackson\core\jackson-annotations\2.10.2\jackson-annotations-2.10.2.jar;D:\repo\com\fasterxml\jackson\core\jackson-core\2.10.2\jackson-core-2.10.2.jar;D:\repo\com\fasterxml\jackson\datatype\jackson-datatype-jdk8\2.10.2\jackson-datatype-jdk8-2.10.2.jar;D:\repo\com\fasterxml\jackson\datatype\jackson-datatype-jsr310\2.10.2\jackson-datatype-jsr310-2.10.2.jar;D:\repo\com\fasterxml\jackson\module\jackson-module-parameter-names\2.10.2\jackson-module-parameter-names-2.10.2.jar;D:\repo\org\springframework\boot\spring-boot-starter-tomcat\2.2.4.RELEASE\spring-boot-starter-tomcat-2.2.4.RELEASE.jar;D:\repo\org\apache\tomcat\embed\tomcat-embed-core\9.0.30\tomcat-embed-core-9.0.30.jar;D:\repo\org\apache\tomcat\embed\tomcat-embed-el\9.0.30\tomcat-embed-el-9.0.30.jar;D:\repo\org\apache\tomcat\embed\tomcat-embed-websocket\9.0.30\tomcat-embed-websocket-9.0.30.jar;D:\repo\org\springframework\boot\spring-boot-starter-validation\2.2.4.RELEASE\spring-boot-starter-validation-2.2.4.RELEASE.jar;D:\repo\jakarta\validation\jakarta.validation-api\2.0.2\jakarta.validation-api-2.0.2.jar;D:\repo\org\hibernate\validator\hibernate-validator\6.0.18.Final\hibernate-validator-6.0.18.Final.jar;D:\repo\org\jboss\logging\jboss-logging\3.4.1.Final\jboss-logging-3.4.1.Final.jar;D:\repo\com\fasterxml\classmate\1.5.1\classmate-1.5.1.jar;D:\repo\org\springframework\spring-web\5.2.3.RELEASE\spring-web-5.2.3.RELEASE.jar;D:\repo\org\springframework\spring-beans\5.2.3.RELEASE\spring-beans-5.2.3.RELEASE.jar;D:\repo\org\springframework\spring-webmvc\5.2.3.RELEASE\spring-webmvc-5.2.3.RELEASE.jar;D:\repo\org\springframework\spring-context\5.2.3.RELEASE\spring-context-5.2.3.RELEASE.jar;D:\repo\org\springframework\spring-expression\5.2.3.RELEASE\spring-expression-5.2.3.RELEASE.jar;D:\repo\com\alibaba\fastjson\1.2.58\fastjson-1.2.58.jar;D:\repo\com\github\xiaoymin\knife4j-micro-spring-boot-starter\2.0.7\knife4j-micro-spring-boot-starter-2.0.7.jar;D:\repo\com\github\xiaoymin\knife4j-spring-boot-autoconfigure\2.0.7\knife4j-spring-boot-autoconfigure-2.0.7.jar;D:\repo\com\github\xiaoymin\knife4j-spring\2.0.7\knife4j-spring-2.0.7.jar;D:\repo\com\github\xiaoymin\knife4j-annotations\2.0.7\knife4j-annotations-2.0.7.jar;D:\repo\com\github\xiaoymin\knife4j-core\2.0.7\knife4j-core-2.0.7.jar;D:\repo\org\javassist\javassist\3.25.0-GA\javassist-3.25.0-GA.jar;D:\repo\io\swagger\swagger-models\1.5.22\swagger-models-1.5.22.jar;D:\repo\io\swagger\swagger-annotations\1.5.22\swagger-annotations-1.5.22.jar;D:\repo\io\springfox\springfox-swagger2\2.10.5\springfox-swagger2-2.10.5.jar;D:\repo\io\springfox\springfox-spi\2.10.5\springfox-spi-2.10.5.jar;D:\repo\io\springfox\springfox-core\2.10.5\springfox-core-2.10.5.jar;D:\repo\net\bytebuddy\byte-buddy\1.10.6\byte-buddy-1.10.6.jar;D:\repo\io\springfox\springfox-schema\2.10.5\springfox-schema-2.10.5.jar;D:\repo\io\springfox\springfox-swagger-common\2.10.5\springfox-swagger-common-2.10.5.jar;D:\repo\io\springfox\springfox-spring-web\2.10.5\springfox-spring-web-2.10.5.jar;D:\repo\io\github\classgraph\classgraph\4.1.7\classgraph-4.1.7.jar;D:\repo\org\springframework\plugin\spring-plugin-core\2.0.0.RELEASE\spring-plugin-core-2.0.0.RELEASE.jar;D:\repo\org\springframework\plugin\spring-plugin-metadata\2.0.0.RELEASE\spring-plugin-metadata-2.0.0.RELEASE.jar;D:\repo\org\mapstruct\mapstruct\1.3.1.Final\mapstruct-1.3.1.Final.jar;D:\repo\io\springfox\springfox-bean-validators\2.10.5\springfox-bean-validators-2.10.5.jar;D:\repo\io\springfox\springfox-spring-webmvc\2.10.5\springfox-spring-webmvc-2.10.5.jar;D:\repo\com\github\xiaoymin\knife4j-spring-boot-starter\2.0.7\knife4j-spring-boot-starter-2.0.7.jar;D:\repo\com\github\xiaoymin\knife4j-spring-ui\2.0.7\knife4j-spring-ui-2.0.7.jar;D:\repo\cn\hutool\hutool-all\5.3.10\hutool-all-5.3.10.jar;D:\repo\org\springframework\boot\spring-boot-starter-aop\2.2.4.RELEASE\spring-boot-starter-aop-2.2.4.RELEASE.jar;D:\repo\org\springframework\spring-aop\5.2.3.RELEASE\spring-aop-5.2.3.RELEASE.jar;D:\repo\org\aspectj\aspectjweaver\1.9.5\aspectjweaver-1.9.5.jar;D:\repo\com\baomidou\mybatis-plus-generator\3.2.0\mybatis-plus-generator-3.2.0.jar;D:\repo\com\baomidou\mybatis-plus-extension\3.2.0\mybatis-plus-extension-3.2.0.jar;D:\repo\com\baomidou\mybatis-plus-core\3.2.0\mybatis-plus-core-3.2.0.jar;D:\repo\com\baomidou\mybatis-plus-annotation\3.2.0\mybatis-plus-annotation-3.2.0.jar;D:\repo\com\google\guava\guava\30.1.1-jre\guava-30.1.1-jre.jar;D:\repo\com\google\guava\failureaccess\1.0.1\failureaccess-1.0.1.jar;D:\repo\com\google\guava\listenablefuture\9999.0-empty-to-avoid-conflict-with-guava\listenablefuture-9999.0-empty-to-avoid-conflict-with-guava.jar;D:\repo\com\google\code\findbugs\jsr305\3.0.2\jsr305-3.0.2.jar;D:\repo\org\checkerframework\checker-qual\3.8.0\checker-qual-3.8.0.jar;D:\repo\com\google\errorprone\error_prone_annotations\2.5.1\error_prone_annotations-2.5.1.jar;D:\repo\com\google\j2objc\j2objc-annotations\1.3\j2objc-annotations-1.3.jar;D:\repo\tk\mybatis\mapper-spring-boot-starter\2.1.2\mapper-spring-boot-starter-2.1.2.jar;D:\repo\org\springframework\boot\spring-boot-starter\2.2.4.RELEASE\spring-boot-starter-2.2.4.RELEASE.jar;D:\repo\org\springframework\boot\spring-boot\2.2.4.RELEASE\spring-boot-2.2.4.RELEASE.jar;D:\repo\org\springframework\boot\spring-boot-starter-logging\2.2.4.RELEASE\spring-boot-starter-logging-2.2.4.RELEASE.jar;D:\repo\ch\qos\logback\logback-classic\1.2.3\logback-classic-1.2.3.jar;D:\repo\ch\qos\logback\logback-core\1.2.3\logback-core-1.2.3.jar;D:\repo\org\apache\logging\log4j\log4j-to-slf4j\2.12.1\log4j-to-slf4j-2.12.1.jar;D:\repo\org\apache\logging\log4j\log4j-api\2.12.1\log4j-api-2.12.1.jar;D:\repo\org\slf4j\jul-to-slf4j\1.7.30\jul-to-slf4j-1.7.30.jar;D:\repo\jakarta\annotation\jakarta.annotation-api\1.3.5\jakarta.annotation-api-1.3.5.jar;D:\repo\org\springframework\spring-core\5.2.3.RELEASE\spring-core-5.2.3.RELEASE.jar;D:\repo\org\springframework\spring-jcl\5.2.3.RELEASE\spring-jcl-5.2.3.RELEASE.jar;D:\repo\org\yaml\snakeyaml\1.25\snakeyaml-1.25.jar;D:\repo\org\springframework\boot\spring-boot-starter-jdbc\2.2.4.RELEASE\spring-boot-starter-jdbc-2.2.4.RELEASE.jar;D:\repo\com\zaxxer\HikariCP\3.4.2\HikariCP-3.4.2.jar;D:\repo\org\springframework\spring-jdbc\5.2.3.RELEASE\spring-jdbc-5.2.3.RELEASE.jar;D:\repo\org\springframework\spring-tx\5.2.3.RELEASE\spring-tx-5.2.3.RELEASE.jar;D:\repo\org\mybatis\mybatis\3.4.6\mybatis-3.4.6.jar;D:\repo\org\mybatis\mybatis-spring\1.3.2\mybatis-spring-1.3.2.jar;D:\repo\tk\mybatis\mapper-core\1.1.2\mapper-core-1.1.2.jar;D:\repo\javax\persistence\persistence-api\1.0\persistence-api-1.0.jar;D:\repo\tk\mybatis\mapper-base\1.1.2\mapper-base-1.1.2.jar;D:\repo\tk\mybatis\mapper-weekend\1.1.4.4\mapper-weekend-1.1.4.4.jar;D:\repo\tk\mybatis\mapper-spring\1.1.2\mapper-spring-1.1.2.jar;D:\repo\tk\mybatis\mapper-extra\1.1.2\mapper-extra-1.1.2.jar;D:\repo\tk\mybatis\mapper-spring-boot-autoconfigure\2.1.2\mapper-spring-boot-autoconfigure-2.1.2.jar;D:\repo\org\mybatis\generator\mybatis-generator-core\1.3.7\mybatis-generator-core-1.3.7.jar;D:\repo\com\github\pagehelper\pagehelper-spring-boot-starter\1.3.0\pagehelper-spring-boot-starter-1.3.0.jar;D:\repo\org\mybatis\spring\boot\mybatis-spring-boot-starter\2.1.3\mybatis-spring-boot-starter-2.1.3.jar;D:\repo\org\mybatis\spring\boot\mybatis-spring-boot-autoconfigure\2.1.3\mybatis-spring-boot-autoconfigure-2.1.3.jar;D:\repo\com\github\pagehelper\pagehelper-spring-boot-autoconfigure\1.3.0\pagehelper-spring-boot-autoconfigure-1.3.0.jar;D:\repo\com\github\pagehelper\pagehelper\5.2.0\pagehelper-5.2.0.jar;D:\repo\com\github\jsqlparser\jsqlparser\3.2\jsqlparser-3.2.jar;D:\repo\org\assertj\assertj-core\3.13.2\assertj-core-3.13.2.jar;"/>
    <property name="sun.cpu.endian" value="little"/>
    <property name="user.home" value="C:\Users\DELL"/>
    <property name="user.language" value="zh"/>
    <property name="java.specification.vendor" value="Oracle Corporation"/>
    <property name="java.home" value="D:\Program Files\Java\jdk1.8.0_191\jre"/>
    <property name="basedir" value="D:\jermaine\IdeaProjects\SpringCloud-Seed\Global-Utils\tk-mybatis"/>
    <property name="file.separator" value="\"/>
    <property name="line.separator" value="&#10;"/>
    <property name="java.vm.specification.vendor" value="Oracle Corporation"/>
    <property name="java.specification.name" value="Java Platform API Specification"/>
    <property name="java.awt.graphicsenv" value="sun.awt.Win32GraphicsEnvironment"/>
    <property name="surefire.real.class.path" value="C:\Users\DELL\AppData\Local\Temp\surefire8421036327516319941\surefirebooter1701892468643471073.jar"/>
    <property name="sun.boot.class.path" value="D:\Program Files\Java\jdk1.8.0_191\jre\lib\resources.jar;D:\Program Files\Java\jdk1.8.0_191\jre\lib\rt.jar;D:\Program Files\Java\jdk1.8.0_191\jre\lib\sunrsasign.jar;D:\Program Files\Java\jdk1.8.0_191\jre\lib\jsse.jar;D:\Program Files\Java\jdk1.8.0_191\jre\lib\jce.jar;D:\Program Files\Java\jdk1.8.0_191\jre\lib\charsets.jar;D:\Program Files\Java\jdk1.8.0_191\jre\lib\jfr.jar;D:\Program Files\Java\jdk1.8.0_191\jre\classes"/>
    <property name="user.script" value=""/>
    <property name="sun.management.compiler" value="HotSpot 64-Bit Tiered Compilers"/>
    <property name="java.runtime.version" value="1.8.0_191-b12"/>
    <property name="user.name" value="DELL"/>
    <property name="path.separator" value=";"/>
    <property name="os.version" value="10.0"/>
    <property name="java.endorsed.dirs" value="D:\Program Files\Java\jdk1.8.0_191\jre\lib\endorsed"/>
    <property name="java.runtime.name" value="Java(TM) SE Runtime Environment"/>
    <property name="file.encoding" value="GBK"/>
    <property name="java.vm.name" value="Java HotSpot(TM) 64-Bit Server VM"/>
    <property name="localRepository" value="D:\repo"/>
    <property name="java.vendor.url.bug" value="http://bugreport.sun.com/bugreport/"/>
    <property name="java.io.tmpdir" value="C:\Users\DELL\AppData\Local\Temp\"/>
    <property name="idea.version" value="2021.2.2"/>
    <property name="java.version" value="1.8.0_191"/>
    <property name="user.dir" value="D:\jermaine\IdeaProjects\SpringCloud-Seed\Global-Utils\tk-mybatis"/>
    <property name="os.arch" value="amd64"/>
    <property name="java.vm.specification.name" value="Java Virtual Machine Specification"/>
    <property name="java.awt.printerjob" value="sun.awt.windows.WPrinterJob"/>
    <property name="sun.os.patch.level" value=""/>
    <property name="java.library.path" value="D:\Program Files\Java\jdk1.8.0_191\jre\bin;C:\WINDOWS\Sun\Java\bin;C:\WINDOWS\system32;C:\WINDOWS;C:\WINDOWS\system32;C:\WINDOWS;C:\WINDOWS\System32\Wbem;C:\WINDOWS\System32\WindowsPowerShell\v1.0\;C:\WINDOWS\System32\OpenSSH\;D:\Program Files\Git\cmd;D:\Program Files\nodejs\;C:\Users\DELL\AppData\Local\Microsoft\WindowsApps;;D:\Program Files\JetBrains\IntelliJ IDEA 2021.2.2\bin;;C:\Users\DELL\AppData\Roaming\npm;."/>
    <property name="java.vm.info" value="mixed mode"/>
    <property name="java.vendor" value="Oracle Corporation"/>
    <property name="java.vm.version" value="25.191-b12"/>
    <property name="java.ext.dirs" value="D:\Program Files\Java\jdk1.8.0_191\jre\lib\ext;C:\WINDOWS\Sun\Java\lib\ext"/>
    <property name="sun.io.unicode.encoding" value="UnicodeLittle"/>
    <property name="java.class.version" value="52.0"/>
  </properties>
</testsuite>